<?xml version="1.0" encoding="UTF-8"?>
<!-- Generated by org.testng.reporters.JUnitReportReporter -->
<testsuite skipped="0" hostname="ARUNDEVN07" name="com.smoketest.FlipkartParam" tests="3" failures="0" timestamp="2019-09-06T13:30:19 IST" time="10.981" errors="0">
  <testcase name="testPhone" time="10.740" classname="com.smoketest.FlipkartParam"/>
  <testcase name="popupTestinParam" time="0.230" classname="com.smoketest.FlipkartParam"/>
  <testcase name="verifyTitle" time="0.011" classname="com.smoketest.FlipkartParam"/>
</testsuite> <!-- com.smoketest.FlipkartParam -->
